2019-07-11 01:18:08,323 CRIT Supervisor is running as root.  Privileges were not dropped because no user is specified in the config file.  If you intend to run as root, you can set user=root in the config file to avoid this message.
2019-07-11 01:18:08,323 WARN For [program:artisan-scheduler], redirect_stderr=true but stderr_logfile has also been set to a filename, the filename has been ignored
2019-07-11 01:18:08,323 WARN For [program:php-fpm], redirect_stderr=true but stderr_logfile has also been set to a filename, the filename has been ignored
2019-07-11 01:18:08,323 WARN For [program:queue-worker-email], redirect_stderr=true but stderr_logfile has also been set to a filename, the filename has been ignored
2019-07-11 01:18:08,323 INFO Included extra file "/etc/supervisor/conf.d/crontab-artisan-scheduler.conf" during parsing
2019-07-11 01:18:08,323 INFO Included extra file "/etc/supervisor/conf.d/php-fpm.conf" during parsing
2019-07-11 01:18:08,323 INFO Included extra file "/etc/supervisor/conf.d/queue-worker-email.conf" during parsing
2019-07-11 01:18:08,329 INFO supervisord started with pid 1
2019-07-11 01:18:09,340 INFO spawned: 'php-fpm' with pid 7
2019-07-11 01:18:09,354 INFO spawned: 'artisan-scheduler' with pid 8
2019-07-11 01:18:09,370 INFO spawned: 'queue-worker-email_00' with pid 9
2019-07-11 01:18:09,386 INFO exited: artisan-scheduler (exit status 0; not expected)
2019-07-11 01:18:10,518 INFO success: php-fpm entered RUNNING state, process has stayed up for > than 1 seconds (startsecs)
2019-07-11 01:18:10,537 INFO spawned: 'artisan-scheduler' with pid 13
2019-07-11 01:18:10,539 INFO success: queue-worker-email_00 entered RUNNING state, process has stayed up for > than 1 seconds (startsecs)
2019-07-11 01:18:10,557 INFO exited: artisan-scheduler (exit status 0; not expected)
2019-07-11 01:18:12,575 INFO spawned: 'artisan-scheduler' with pid 21
2019-07-11 01:18:12,591 INFO exited: artisan-scheduler (exit status 0; not expected)
2019-07-11 01:18:15,604 INFO spawned: 'artisan-scheduler' with pid 23
2019-07-11 01:18:15,610 INFO exited: artisan-scheduler (exit status 0; not expected)
2019-07-11 01:18:15,611 INFO gave up: artisan-scheduler entered FATAL state, too many start retries too quickly
2019-07-11 01:18:36,961 WARN received SIGQUIT indicating exit request
2019-07-11 01:18:36,961 INFO waiting for php-fpm, queue-worker-email_00 to die
2019-07-11 01:18:36,964 INFO stopped: queue-worker-email_00 (terminated by SIGTERM)
2019-07-11 01:18:37,976 INFO stopped: php-fpm (exit status 0)
2019-07-11 01:20:12,130 CRIT Supervisor is running as root.  Privileges were not dropped because no user is specified in the config file.  If you intend to run as root, you can set user=root in the config file to avoid this message.
2019-07-11 01:20:12,130 WARN For [program:artisan-scheduler], redirect_stderr=true but stderr_logfile has also been set to a filename, the filename has been ignored
2019-07-11 01:20:12,131 WARN For [program:php-fpm], redirect_stderr=true but stderr_logfile has also been set to a filename, the filename has been ignored
2019-07-11 01:20:12,131 WARN For [program:queue-worker-email], redirect_stderr=true but stderr_logfile has also been set to a filename, the filename has been ignored
2019-07-11 01:20:12,131 INFO Included extra file "/etc/supervisor/conf.d/crontab-artisan-scheduler.conf" during parsing
2019-07-11 01:20:12,132 INFO Included extra file "/etc/supervisor/conf.d/php-fpm.conf" during parsing
2019-07-11 01:20:12,132 INFO Included extra file "/etc/supervisor/conf.d/queue-worker-email.conf" during parsing
2019-07-11 01:20:12,139 INFO supervisord started with pid 1
2019-07-11 01:20:13,147 INFO spawned: 'php-fpm' with pid 7
2019-07-11 01:20:13,151 INFO spawned: 'artisan-scheduler' with pid 8
2019-07-11 01:20:13,156 INFO spawned: 'queue-worker-email_00' with pid 9
2019-07-11 01:20:13,186 INFO exited: artisan-scheduler (exit status 0; not expected)
2019-07-11 01:20:14,440 INFO success: php-fpm entered RUNNING state, process has stayed up for > than 1 seconds (startsecs)
2019-07-11 01:20:14,460 INFO spawned: 'artisan-scheduler' with pid 13
2019-07-11 01:20:14,461 INFO success: queue-worker-email_00 entered RUNNING state, process has stayed up for > than 1 seconds (startsecs)
2019-07-11 01:20:14,479 INFO exited: artisan-scheduler (exit status 0; not expected)
2019-07-11 01:20:16,486 INFO spawned: 'artisan-scheduler' with pid 21
2019-07-11 01:20:16,493 INFO exited: artisan-scheduler (exit status 0; not expected)
2019-07-11 01:20:19,504 INFO spawned: 'artisan-scheduler' with pid 23
2019-07-11 01:20:19,517 INFO exited: artisan-scheduler (exit status 0; not expected)
2019-07-11 01:20:19,519 INFO gave up: artisan-scheduler entered FATAL state, too many start retries too quickly
2019-07-11 01:26:13,220 WARN received SIGQUIT indicating exit request
2019-07-11 01:26:13,220 INFO waiting for php-fpm, queue-worker-email_00 to die
2019-07-11 01:26:13,224 INFO stopped: queue-worker-email_00 (terminated by SIGTERM)
2019-07-11 01:26:14,264 INFO stopped: php-fpm (exit status 0)
2019-07-11 01:27:30,004 CRIT Supervisor is running as root.  Privileges were not dropped because no user is specified in the config file.  If you intend to run as root, you can set user=root in the config file to avoid this message.
2019-07-11 01:27:30,005 WARN For [program:artisan-scheduler], redirect_stderr=true but stderr_logfile has also been set to a filename, the filename has been ignored
2019-07-11 01:27:30,006 WARN For [program:php-fpm], redirect_stderr=true but stderr_logfile has also been set to a filename, the filename has been ignored
2019-07-11 01:27:30,006 WARN For [program:queue-worker-email], redirect_stderr=true but stderr_logfile has also been set to a filename, the filename has been ignored
2019-07-11 01:27:30,007 INFO Included extra file "/etc/supervisor/conf.d/crontab-artisan-scheduler.conf" during parsing
2019-07-11 01:27:30,007 INFO Included extra file "/etc/supervisor/conf.d/php-fpm.conf" during parsing
2019-07-11 01:27:30,007 INFO Included extra file "/etc/supervisor/conf.d/queue-worker-email.conf" during parsing
2019-07-11 01:27:30,019 INFO supervisord started with pid 1
2019-07-11 01:27:31,031 INFO spawned: 'php-fpm' with pid 7
2019-07-11 01:27:31,039 INFO spawned: 'artisan-scheduler' with pid 8
2019-07-11 01:27:31,047 INFO spawned: 'queue-worker-email_00' with pid 9
2019-07-11 01:27:31,063 INFO exited: artisan-scheduler (exit status 0; not expected)
2019-07-11 01:27:32,332 INFO success: php-fpm entered RUNNING state, process has stayed up for > than 1 seconds (startsecs)
2019-07-11 01:27:32,346 INFO spawned: 'artisan-scheduler' with pid 13
2019-07-11 01:27:32,349 INFO success: queue-worker-email_00 entered RUNNING state, process has stayed up for > than 1 seconds (startsecs)
2019-07-11 01:27:32,359 INFO exited: artisan-scheduler (exit status 0; not expected)
2019-07-11 01:27:34,377 INFO spawned: 'artisan-scheduler' with pid 21
2019-07-11 01:27:34,392 INFO exited: artisan-scheduler (exit status 0; not expected)
2019-07-11 01:27:37,410 INFO spawned: 'artisan-scheduler' with pid 23
2019-07-11 01:27:37,425 INFO exited: artisan-scheduler (exit status 0; not expected)
2019-07-11 01:27:37,428 INFO gave up: artisan-scheduler entered FATAL state, too many start retries too quickly
2019-07-11 01:28:00,964 WARN received SIGQUIT indicating exit request
2019-07-11 01:28:00,968 INFO waiting for php-fpm, queue-worker-email_00 to die
2019-07-11 01:28:00,974 INFO stopped: queue-worker-email_00 (terminated by SIGTERM)
2019-07-11 01:28:01,991 INFO stopped: php-fpm (exit status 0)
2019-07-11 01:28:20,013 CRIT Supervisor is running as root.  Privileges were not dropped because no user is specified in the config file.  If you intend to run as root, you can set user=root in the config file to avoid this message.
2019-07-11 01:28:20,014 WARN For [program:artisan-scheduler], redirect_stderr=true but stderr_logfile has also been set to a filename, the filename has been ignored
2019-07-11 01:28:20,014 WARN For [program:php-fpm], redirect_stderr=true but stderr_logfile has also been set to a filename, the filename has been ignored
2019-07-11 01:28:20,015 WARN For [program:queue-worker-email], redirect_stderr=true but stderr_logfile has also been set to a filename, the filename has been ignored
2019-07-11 01:28:20,015 INFO Included extra file "/etc/supervisor/conf.d/crontab-artisan-scheduler.conf" during parsing
2019-07-11 01:28:20,015 INFO Included extra file "/etc/supervisor/conf.d/php-fpm.conf" during parsing
2019-07-11 01:28:20,016 INFO Included extra file "/etc/supervisor/conf.d/queue-worker-email.conf" during parsing
2019-07-11 01:28:20,024 INFO supervisord started with pid 1
2019-07-11 01:28:21,034 INFO spawned: 'php-fpm' with pid 7
2019-07-11 01:28:21,039 INFO spawned: 'artisan-scheduler' with pid 8
2019-07-11 01:28:21,045 INFO spawned: 'queue-worker-email_00' with pid 9
2019-07-11 01:28:21,057 INFO exited: artisan-scheduler (exit status 0; not expected)
2019-07-11 01:28:22,134 INFO success: php-fpm entered RUNNING state, process has stayed up for > than 1 seconds (startsecs)
2019-07-11 01:28:22,156 INFO spawned: 'artisan-scheduler' with pid 13
2019-07-11 01:28:22,157 INFO success: queue-worker-email_00 entered RUNNING state, process has stayed up for > than 1 seconds (startsecs)
2019-07-11 01:28:22,176 INFO exited: artisan-scheduler (exit status 0; not expected)
2019-07-11 01:28:24,194 INFO spawned: 'artisan-scheduler' with pid 21
2019-07-11 01:28:24,211 INFO exited: artisan-scheduler (exit status 0; not expected)
2019-07-11 01:28:27,224 INFO spawned: 'artisan-scheduler' with pid 23
2019-07-11 01:28:27,235 INFO exited: artisan-scheduler (exit status 0; not expected)
2019-07-11 01:28:27,237 INFO gave up: artisan-scheduler entered FATAL state, too many start retries too quickly
2019-07-11 01:28:53,978 WARN received SIGQUIT indicating exit request
2019-07-11 01:28:53,979 INFO waiting for php-fpm, queue-worker-email_00 to die
2019-07-11 01:28:53,983 INFO stopped: queue-worker-email_00 (terminated by SIGTERM)
2019-07-11 01:28:55,004 INFO stopped: php-fpm (exit status 0)
2019-07-11 09:17:28,777 CRIT Supervisor is running as root.  Privileges were not dropped because no user is specified in the config file.  If you intend to run as root, you can set user=root in the config file to avoid this message.
2019-07-11 09:17:28,777 WARN For [program:artisan-scheduler], redirect_stderr=true but stderr_logfile has also been set to a filename, the filename has been ignored
2019-07-11 09:17:28,777 WARN For [program:php-fpm], redirect_stderr=true but stderr_logfile has also been set to a filename, the filename has been ignored
2019-07-11 09:17:28,777 WARN For [program:queue-worker-email], redirect_stderr=true but stderr_logfile has also been set to a filename, the filename has been ignored
2019-07-11 09:17:28,777 INFO Included extra file "/etc/supervisor/conf.d/crontab-artisan-scheduler.conf" during parsing
2019-07-11 09:17:28,777 INFO Included extra file "/etc/supervisor/conf.d/php-fpm.conf" during parsing
2019-07-11 09:17:28,778 INFO Included extra file "/etc/supervisor/conf.d/queue-worker-email.conf" during parsing
2019-07-11 09:17:28,779 INFO supervisord started with pid 1
2019-07-11 09:17:29,781 INFO spawned: 'php-fpm' with pid 7
2019-07-11 09:17:29,783 INFO spawned: 'artisan-scheduler' with pid 8
2019-07-11 09:17:29,786 INFO spawned: 'queue-worker-email_00' with pid 9
2019-07-11 09:17:29,791 INFO exited: artisan-scheduler (exit status 0; not expected)
2019-07-11 09:17:29,826 INFO exited: queue-worker-email_00 (exit status 255; not expected)
2019-07-11 09:17:30,838 INFO success: php-fpm entered RUNNING state, process has stayed up for > than 1 seconds (startsecs)
2019-07-11 09:17:30,840 INFO spawned: 'artisan-scheduler' with pid 13
2019-07-11 09:17:30,842 INFO spawned: 'queue-worker-email_00' with pid 14
2019-07-11 09:17:30,850 INFO exited: artisan-scheduler (exit status 0; not expected)
2019-07-11 09:17:30,878 INFO exited: queue-worker-email_00 (exit status 255; not expected)
2019-07-11 09:17:32,880 INFO spawned: 'artisan-scheduler' with pid 16
2019-07-11 09:17:32,882 INFO spawned: 'queue-worker-email_00' with pid 17
2019-07-11 09:17:32,888 INFO exited: artisan-scheduler (exit status 0; not expected)
2019-07-11 09:17:32,903 INFO exited: queue-worker-email_00 (exit status 255; not expected)
2019-07-11 09:17:35,908 INFO spawned: 'artisan-scheduler' with pid 19
2019-07-11 09:17:35,911 INFO spawned: 'queue-worker-email_00' with pid 20
2019-07-11 09:17:35,918 INFO exited: artisan-scheduler (exit status 0; not expected)
2019-07-11 09:17:35,918 INFO gave up: artisan-scheduler entered FATAL state, too many start retries too quickly
2019-07-11 09:17:35,949 INFO exited: queue-worker-email_00 (exit status 255; not expected)
2019-07-11 09:17:36,950 INFO gave up: queue-worker-email_00 entered FATAL state, too many start retries too quickly
2019-07-11 09:17:37,958 WARN received SIGQUIT indicating exit request
2019-07-11 09:17:37,958 INFO waiting for php-fpm to die
2019-07-11 09:17:39,965 INFO stopped: php-fpm (exit status 0)
2019-07-11 09:18:31,982 CRIT Supervisor is running as root.  Privileges were not dropped because no user is specified in the config file.  If you intend to run as root, you can set user=root in the config file to avoid this message.
2019-07-11 09:18:31,982 WARN For [program:artisan-scheduler], redirect_stderr=true but stderr_logfile has also been set to a filename, the filename has been ignored
2019-07-11 09:18:31,982 WARN For [program:php-fpm], redirect_stderr=true but stderr_logfile has also been set to a filename, the filename has been ignored
2019-07-11 09:18:31,982 WARN For [program:queue-worker-email], redirect_stderr=true but stderr_logfile has also been set to a filename, the filename has been ignored
2019-07-11 09:18:31,982 INFO Included extra file "/etc/supervisor/conf.d/crontab-artisan-scheduler.conf" during parsing
2019-07-11 09:18:31,982 INFO Included extra file "/etc/supervisor/conf.d/php-fpm.conf" during parsing
2019-07-11 09:18:31,983 INFO Included extra file "/etc/supervisor/conf.d/queue-worker-email.conf" during parsing
2019-07-11 09:18:31,984 INFO supervisord started with pid 1
2019-07-11 09:18:32,986 INFO spawned: 'php-fpm' with pid 7
2019-07-11 09:18:32,987 INFO spawned: 'artisan-scheduler' with pid 8
2019-07-11 09:18:32,989 INFO spawned: 'queue-worker-email_00' with pid 9
2019-07-11 09:18:32,993 INFO exited: artisan-scheduler (exit status 0; not expected)
2019-07-11 09:18:33,029 INFO exited: queue-worker-email_00 (exit status 255; not expected)
2019-07-11 09:18:34,035 INFO success: php-fpm entered RUNNING state, process has stayed up for > than 1 seconds (startsecs)
2019-07-11 09:18:34,036 INFO spawned: 'artisan-scheduler' with pid 13
2019-07-11 09:18:34,038 INFO spawned: 'queue-worker-email_00' with pid 14
2019-07-11 09:18:34,049 INFO exited: artisan-scheduler (exit status 0; not expected)
2019-07-11 09:18:34,067 INFO exited: queue-worker-email_00 (exit status 255; not expected)
2019-07-11 09:18:36,070 INFO spawned: 'artisan-scheduler' with pid 16
2019-07-11 09:18:36,073 INFO spawned: 'queue-worker-email_00' with pid 17
2019-07-11 09:18:36,085 INFO exited: artisan-scheduler (exit status 0; not expected)
2019-07-11 09:18:36,106 INFO exited: queue-worker-email_00 (exit status 255; not expected)
2019-07-11 09:18:39,111 INFO spawned: 'artisan-scheduler' with pid 19
2019-07-11 09:18:39,114 INFO spawned: 'queue-worker-email_00' with pid 20
2019-07-11 09:18:39,128 INFO exited: artisan-scheduler (exit status 0; not expected)
2019-07-11 09:18:39,129 INFO gave up: artisan-scheduler entered FATAL state, too many start retries too quickly
2019-07-11 09:18:39,150 INFO exited: queue-worker-email_00 (exit status 255; not expected)
2019-07-11 09:18:40,151 INFO gave up: queue-worker-email_00 entered FATAL state, too many start retries too quickly
2019-07-11 09:26:26,261 WARN received SIGQUIT indicating exit request
2019-07-11 09:26:26,261 INFO waiting for php-fpm to die
2019-07-11 09:26:28,268 INFO stopped: php-fpm (exit status 0)
2019-07-11 09:27:09,491 CRIT Supervisor is running as root.  Privileges were not dropped because no user is specified in the config file.  If you intend to run as root, you can set user=root in the config file to avoid this message.
2019-07-11 09:27:09,491 WARN For [program:artisan-scheduler], redirect_stderr=true but stderr_logfile has also been set to a filename, the filename has been ignored
2019-07-11 09:27:09,491 WARN For [program:php-fpm], redirect_stderr=true but stderr_logfile has also been set to a filename, the filename has been ignored
2019-07-11 09:27:09,491 WARN For [program:queue-worker-email], redirect_stderr=true but stderr_logfile has also been set to a filename, the filename has been ignored
2019-07-11 09:27:09,491 INFO Included extra file "/etc/supervisor/conf.d/crontab-artisan-scheduler.conf" during parsing
2019-07-11 09:27:09,491 INFO Included extra file "/etc/supervisor/conf.d/php-fpm.conf" during parsing
2019-07-11 09:27:09,491 INFO Included extra file "/etc/supervisor/conf.d/queue-worker-email.conf" during parsing
2019-07-11 09:27:09,493 INFO supervisord started with pid 1
2019-07-11 09:27:10,495 INFO spawned: 'php-fpm' with pid 7
2019-07-11 09:27:10,497 INFO spawned: 'artisan-scheduler' with pid 8
2019-07-11 09:27:10,499 INFO spawned: 'queue-worker-email_00' with pid 9
2019-07-11 09:27:10,505 INFO exited: artisan-scheduler (exit status 0; not expected)
2019-07-11 09:27:11,543 INFO success: php-fpm entered RUNNING state, process has stayed up for > than 1 seconds (startsecs)
2019-07-11 09:27:11,545 INFO spawned: 'artisan-scheduler' with pid 19
2019-07-11 09:27:11,545 INFO success: queue-worker-email_00 entered RUNNING state, process has stayed up for > than 1 seconds (startsecs)
2019-07-11 09:27:11,550 INFO exited: artisan-scheduler (exit status 0; not expected)
2019-07-11 09:27:13,554 INFO spawned: 'artisan-scheduler' with pid 21
2019-07-11 09:27:13,562 INFO exited: artisan-scheduler (exit status 0; not expected)
2019-07-11 09:27:16,567 INFO spawned: 'artisan-scheduler' with pid 23
2019-07-11 09:27:16,574 INFO exited: artisan-scheduler (exit status 0; not expected)
2019-07-11 09:27:17,575 INFO gave up: artisan-scheduler entered FATAL state, too many start retries too quickly
2019-07-11 09:27:44,850 WARN received SIGQUIT indicating exit request
2019-07-11 09:27:44,851 INFO waiting for php-fpm, queue-worker-email_00 to die
2019-07-11 09:27:44,852 INFO stopped: queue-worker-email_00 (terminated by SIGTERM)
2019-07-11 09:27:45,890 INFO stopped: php-fpm (exit status 0)
2019-07-11 09:42:28,916 WARN For [program:artisan-scheduler], redirect_stderr=true but stderr_logfile has also been set to a filename, the filename has been ignored
2019-07-11 09:42:28,916 WARN For [program:php-fpm], redirect_stderr=true but stderr_logfile has also been set to a filename, the filename has been ignored
2019-07-11 09:42:28,916 WARN For [program:queue-worker-email], redirect_stderr=true but stderr_logfile has also been set to a filename, the filename has been ignored
2019-07-11 09:42:28,916 INFO Included extra file "/etc/supervisor/conf.d/crontab-artisan-scheduler.conf" during parsing
2019-07-11 09:42:28,916 INFO Included extra file "/etc/supervisor/conf.d/php-fpm.conf" during parsing
2019-07-11 09:42:28,916 INFO Included extra file "/etc/supervisor/conf.d/queue-worker-email.conf" during parsing
2019-07-11 09:42:28,918 INFO supervisord started with pid 1
2019-07-11 09:42:29,920 INFO spawnerr: unknown error making dispatchers for 'php-fpm': EACCES
2019-07-11 09:42:29,920 INFO spawnerr: unknown error making dispatchers for 'artisan-scheduler': EACCES
2019-07-11 09:42:30,023 INFO spawnerr: unknown error making dispatchers for 'queue-worker-email_00': EACCES
2019-07-11 09:42:31,025 INFO spawnerr: unknown error making dispatchers for 'php-fpm': EACCES
2019-07-11 09:42:31,025 INFO spawnerr: unknown error making dispatchers for 'artisan-scheduler': EACCES
2019-07-11 09:42:31,026 INFO spawnerr: unknown error making dispatchers for 'queue-worker-email_00': EACCES
2019-07-11 09:42:33,028 INFO spawnerr: unknown error making dispatchers for 'php-fpm': EACCES
2019-07-11 09:42:33,028 INFO spawnerr: unknown error making dispatchers for 'artisan-scheduler': EACCES
2019-07-11 09:42:33,029 INFO spawnerr: unknown error making dispatchers for 'queue-worker-email_00': EACCES
2019-07-11 09:42:36,033 INFO spawnerr: unknown error making dispatchers for 'php-fpm': EACCES
2019-07-11 09:42:36,033 INFO gave up: php-fpm entered FATAL state, too many start retries too quickly
2019-07-11 09:42:36,033 INFO spawnerr: unknown error making dispatchers for 'artisan-scheduler': EACCES
2019-07-11 09:42:36,034 INFO gave up: artisan-scheduler entered FATAL state, too many start retries too quickly
2019-07-11 09:42:36,034 INFO spawnerr: unknown error making dispatchers for 'queue-worker-email_00': EACCES
2019-07-11 09:42:36,035 INFO gave up: queue-worker-email_00 entered FATAL state, too many start retries too quickly
2019-07-11 09:46:55,957 WARN received SIGQUIT indicating exit request
2019-07-11 09:46:57,886 WARN For [program:artisan-scheduler], redirect_stderr=true but stderr_logfile has also been set to a filename, the filename has been ignored
2019-07-11 09:46:57,886 WARN For [program:php-fpm], redirect_stderr=true but stderr_logfile has also been set to a filename, the filename has been ignored
2019-07-11 09:46:57,886 WARN For [program:queue-worker-email], redirect_stderr=true but stderr_logfile has also been set to a filename, the filename has been ignored
2019-07-11 09:46:57,886 INFO Included extra file "/etc/supervisor/conf.d/crontab-artisan-scheduler.conf" during parsing
2019-07-11 09:46:57,886 INFO Included extra file "/etc/supervisor/conf.d/php-fpm.conf" during parsing
2019-07-11 09:46:57,886 INFO Included extra file "/etc/supervisor/conf.d/queue-worker-email.conf" during parsing
2019-07-11 09:46:57,888 INFO supervisord started with pid 1
2019-07-11 09:46:58,890 INFO spawnerr: unknown error making dispatchers for 'php-fpm': EACCES
2019-07-11 09:46:58,891 INFO spawnerr: unknown error making dispatchers for 'artisan-scheduler': EACCES
2019-07-11 09:46:58,892 INFO spawnerr: unknown error making dispatchers for 'queue-worker-email_00': EACCES
2019-07-11 09:46:59,894 INFO spawnerr: unknown error making dispatchers for 'php-fpm': EACCES
2019-07-11 09:46:59,894 INFO spawnerr: unknown error making dispatchers for 'artisan-scheduler': EACCES
2019-07-11 09:46:59,895 INFO spawnerr: unknown error making dispatchers for 'queue-worker-email_00': EACCES
2019-07-11 09:47:01,898 INFO spawnerr: unknown error making dispatchers for 'php-fpm': EACCES
2019-07-11 09:47:01,898 INFO spawnerr: unknown error making dispatchers for 'artisan-scheduler': EACCES
2019-07-11 09:47:01,899 INFO spawnerr: unknown error making dispatchers for 'queue-worker-email_00': EACCES
2019-07-11 09:47:04,904 INFO spawnerr: unknown error making dispatchers for 'php-fpm': EACCES
2019-07-11 09:47:04,904 INFO gave up: php-fpm entered FATAL state, too many start retries too quickly
2019-07-11 09:47:04,904 INFO spawnerr: unknown error making dispatchers for 'artisan-scheduler': EACCES
2019-07-11 09:47:04,904 INFO gave up: artisan-scheduler entered FATAL state, too many start retries too quickly
2019-07-11 09:47:04,905 INFO spawnerr: unknown error making dispatchers for 'queue-worker-email_00': EACCES
2019-07-11 09:47:04,905 INFO gave up: queue-worker-email_00 entered FATAL state, too many start retries too quickly
2019-07-11 09:48:12,915 WARN received SIGQUIT indicating exit request
2019-07-11 09:48:14,854 CRIT Supervisor is running as root.  Privileges were not dropped because no user is specified in the config file.  If you intend to run as root, you can set user=root in the config file to avoid this message.
2019-07-11 09:48:14,854 WARN For [program:artisan-scheduler], redirect_stderr=true but stderr_logfile has also been set to a filename, the filename has been ignored
2019-07-11 09:48:14,854 WARN For [program:php-fpm], redirect_stderr=true but stderr_logfile has also been set to a filename, the filename has been ignored
2019-07-11 09:48:14,854 WARN For [program:queue-worker-email], redirect_stderr=true but stderr_logfile has also been set to a filename, the filename has been ignored
2019-07-11 09:48:14,854 INFO Included extra file "/etc/supervisor/conf.d/crontab-artisan-scheduler.conf" during parsing
2019-07-11 09:48:14,854 INFO Included extra file "/etc/supervisor/conf.d/php-fpm.conf" during parsing
2019-07-11 09:48:14,854 INFO Included extra file "/etc/supervisor/conf.d/queue-worker-email.conf" during parsing
2019-07-11 09:48:14,855 INFO supervisord started with pid 1
2019-07-11 09:48:15,858 INFO spawned: 'php-fpm' with pid 7
2019-07-11 09:48:15,860 INFO spawned: 'artisan-scheduler' with pid 8
2019-07-11 09:48:15,862 INFO spawned: 'queue-worker-email_00' with pid 9
2019-07-11 09:48:15,874 INFO exited: artisan-scheduler (exit status 0; not expected)
2019-07-11 09:48:16,912 INFO success: php-fpm entered RUNNING state, process has stayed up for > than 1 seconds (startsecs)
2019-07-11 09:48:16,914 INFO spawned: 'artisan-scheduler' with pid 19
2019-07-11 09:48:16,915 INFO success: queue-worker-email_00 entered RUNNING state, process has stayed up for > than 1 seconds (startsecs)
2019-07-11 09:48:16,923 INFO exited: artisan-scheduler (exit status 0; not expected)
2019-07-11 09:48:18,928 INFO spawned: 'artisan-scheduler' with pid 21
2019-07-11 09:48:18,935 INFO exited: artisan-scheduler (exit status 0; not expected)
2019-07-11 09:48:21,940 INFO spawned: 'artisan-scheduler' with pid 23
2019-07-11 09:48:21,953 INFO exited: artisan-scheduler (exit status 0; not expected)
2019-07-11 09:48:21,953 INFO gave up: artisan-scheduler entered FATAL state, too many start retries too quickly
2019-07-11 09:55:49,472 WARN received SIGQUIT indicating exit request
2019-07-11 09:55:49,473 INFO waiting for php-fpm, queue-worker-email_00 to die
2019-07-11 09:55:49,475 INFO stopped: queue-worker-email_00 (terminated by SIGTERM)
2019-07-11 09:55:50,480 INFO stopped: php-fpm (exit status 0)
2019-07-11 10:09:57,500 CRIT Supervisor is running as root.  Privileges were not dropped because no user is specified in the config file.  If you intend to run as root, you can set user=root in the config file to avoid this message.
2019-07-11 10:09:57,501 WARN For [program:artisan-scheduler], redirect_stderr=true but stderr_logfile has also been set to a filename, the filename has been ignored
2019-07-11 10:09:57,501 WARN For [program:php-fpm], redirect_stderr=true but stderr_logfile has also been set to a filename, the filename has been ignored
2019-07-11 10:09:57,501 WARN For [program:queue-worker-email], redirect_stderr=true but stderr_logfile has also been set to a filename, the filename has been ignored
2019-07-11 10:09:57,501 INFO Included extra file "/etc/supervisor/conf.d/crontab-artisan-scheduler.conf" during parsing
2019-07-11 10:09:57,501 INFO Included extra file "/etc/supervisor/conf.d/php-fpm.conf" during parsing
2019-07-11 10:09:57,501 INFO Included extra file "/etc/supervisor/conf.d/queue-worker-email.conf" during parsing
2019-07-11 10:09:57,503 INFO supervisord started with pid 1
2019-07-11 10:09:58,506 INFO spawned: 'php-fpm' with pid 7
2019-07-11 10:09:58,508 INFO spawned: 'artisan-scheduler' with pid 8
2019-07-11 10:09:58,510 INFO spawned: 'queue-worker-email_00' with pid 9
2019-07-11 10:09:58,524 INFO exited: artisan-scheduler (exit status 0; not expected)
2019-07-11 10:09:59,553 INFO success: php-fpm entered RUNNING state, process has stayed up for > than 1 seconds (startsecs)
2019-07-11 10:09:59,554 INFO spawned: 'artisan-scheduler' with pid 19
2019-07-11 10:09:59,554 INFO success: queue-worker-email_00 entered RUNNING state, process has stayed up for > than 1 seconds (startsecs)
2019-07-11 10:09:59,564 INFO exited: artisan-scheduler (exit status 0; not expected)
2019-07-11 10:10:01,567 INFO spawned: 'artisan-scheduler' with pid 35
2019-07-11 10:10:01,579 INFO exited: artisan-scheduler (exit status 0; not expected)
2019-07-11 10:10:04,584 INFO spawned: 'artisan-scheduler' with pid 37
2019-07-11 10:10:04,589 INFO exited: artisan-scheduler (exit status 0; not expected)
2019-07-11 10:10:05,590 INFO gave up: artisan-scheduler entered FATAL state, too many start retries too quickly
